<?xml version="1.0" encoding="utf-8"?><testsuites name="pytest tests"><testsuite name="pytest" errors="0" failures="0" skipped="0" tests="14" time="12.765" timestamp="2026-04-04T17:24:35.380657+00:00" hostname="agent-env-699fcce3-40a5-4ad3-b6bd-33a98b70dbe2"><testcase classname="backend.tests.test_iteration58_watermark.TestWatermarkSystem" name="test_voice_tag_file_exists" time="0.000" /><testcase classname="backend.tests.test_iteration58_watermark.TestWatermarkSystem" name="test_beat_listing_shows_preview_url" time="0.150" /><testcase classname="backend.tests.test_iteration58_watermark.TestWatermarkSystem" name="test_beat_has_both_audio_and_preview_urls" time="0.104" /><testcase classname="backend.tests.test_iteration58_watermark.TestWatermarkSystem" name="test_stream_endpoint_serves_watermarked_preview" time="7.966" /><testcase classname="backend.tests.test_iteration58_watermark.TestWatermarkSystem" name="test_stream_endpoint_returns_404_for_nonexistent_beat" time="0.148" /><testcase classname="backend.tests.test_iteration58_watermark.TestWatermarkSystem" name="test_watermark_regeneration_admin_only" time="1.315" /><testcase classname="backend.tests.test_iteration58_watermark.TestWatermarkSystem" name="test_watermark_regeneration_returns_403_for_non_admin" time="0.875" /><testcase classname="backend.tests.test_iteration58_watermark.TestWatermarkSystem" name="test_watermark_regeneration_returns_401_without_auth" time="0.223" /><testcase classname="backend.tests.test_iteration58_watermark.TestWatermarkSystem" name="test_watermark_regeneration_returns_404_for_beat_without_audio" time="0.208" /><testcase classname="backend.tests.test_iteration58_watermark.TestWatermarkSystem" name="test_get_single_beat_includes_preview_url" time="0.210" /><testcase classname="backend.tests.test_iteration58_watermark.TestPurchaseDownload" name="test_download_endpoint_exists" time="0.509" /><testcase classname="backend.tests.test_iteration58_watermark.TestPurchaseDownload" name="test_download_requires_authentication" time="0.119" /><testcase classname="backend.tests.test_iteration58_watermark.TestAdminLogin" name="test_admin_login_success" time="0.385" /><testcase classname="backend.tests.test_iteration58_watermark.TestAdminContractsPage" name="test_admin_contracts_endpoint" time="0.463" /></testsuite></testsuites>