<?xml version="1.0" encoding="utf-8"?><testsuites name="pytest tests"><testsuite name="pytest" errors="0" failures="0" skipped="0" tests="14" time="4.732" timestamp="2026-04-04T20:27:27.123839+00:00" hostname="agent-env-699fcce3-40a5-4ad3-b6bd-33a98b70dbe2"><testcase classname="backend.tests.test_iteration62_artist_profile_enhancements.TestArtistProfileEndpoints" name="test_get_public_artist_profile_returns_theme_color" time="0.228" /><testcase classname="backend.tests.test_iteration62_artist_profile_enhancements.TestArtistProfileEndpoints" name="test_get_public_artist_profile_returns_releases_with_tracks" time="0.139" /><testcase classname="backend.tests.test_iteration62_artist_profile_enhancements.TestQRCodeEndpoint" name="test_qr_code_returns_png_image" time="0.177" /><testcase classname="backend.tests.test_iteration62_artist_profile_enhancements.TestTrackPreviewEndpoint" name="test_track_preview_endpoint_exists" time="0.174" /><testcase classname="backend.tests.test_iteration62_artist_profile_enhancements.TestThemeColorEndpoints" name="test_get_theme_color" time="0.374" /><testcase classname="backend.tests.test_iteration62_artist_profile_enhancements.TestThemeColorEndpoints" name="test_put_theme_color" time="0.432" /><testcase classname="backend.tests.test_iteration62_artist_profile_enhancements.TestRefactoredMessagesRoutes" name="test_get_conversations_list" time="0.408" /><testcase classname="backend.tests.test_iteration62_artist_profile_enhancements.TestRefactoredMessagesRoutes" name="test_get_unread_count" time="0.374" /><testcase classname="backend.tests.test_iteration62_artist_profile_enhancements.TestRefactoredRoyaltyRoutes" name="test_get_royalty_splits" time="0.399" /><testcase classname="backend.tests.test_iteration62_artist_profile_enhancements.TestRefactoredRoyaltyRoutes" name="test_get_royalty_splits_summary" time="0.360" /><testcase classname="backend.tests.test_iteration62_artist_profile_enhancements.TestRefactoredPayoutsRoutes" name="test_get_admin_payouts" time="0.447" /><testcase classname="backend.tests.test_iteration62_artist_profile_enhancements.TestRefactoredPayoutsRoutes" name="test_get_admin_payouts_summary" time="0.382" /><testcase classname="backend.tests.test_iteration62_artist_profile_enhancements.TestRefactoredPayoutsRoutes" name="test_get_admin_payouts_schedule" time="0.370" /><testcase classname="backend.tests.test_iteration62_artist_profile_enhancements.TestRefactoredPayoutsRoutes" name="test_post_admin_payouts_batch" time="0.384" /></testsuite></testsuites>