<?xml version="1.0" encoding="utf-8"?><testsuites name="pytest tests"><testsuite name="pytest" errors="0" failures="0" skipped="0" tests="30" time="5.293" timestamp="2026-04-02T19:26:45.398759+00:00" hostname="agent-env-dbac93c7-8c61-4d68-9acc-9338b250dcc8"><testcase classname="backend.tests.test_iteration22_new_features.TestBeatSearchFilter" name="test_list_beats_basic" time="0.207" /><testcase classname="backend.tests.test_iteration22_new_features.TestBeatSearchFilter" name="test_search_by_text" time="0.132" /><testcase classname="backend.tests.test_iteration22_new_features.TestBeatSearchFilter" name="test_filter_by_genre" time="0.154" /><testcase classname="backend.tests.test_iteration22_new_features.TestBeatSearchFilter" name="test_filter_by_mood" time="0.143" /><testcase classname="backend.tests.test_iteration22_new_features.TestBeatSearchFilter" name="test_filter_by_key" time="0.120" /><testcase classname="backend.tests.test_iteration22_new_features.TestBeatSearchFilter" name="test_filter_by_bpm_range" time="0.104" /><testcase classname="backend.tests.test_iteration22_new_features.TestBeatSearchFilter" name="test_sort_by_newest" time="0.135" /><testcase classname="backend.tests.test_iteration22_new_features.TestBeatSearchFilter" name="test_sort_by_price_low" time="0.113" /><testcase classname="backend.tests.test_iteration22_new_features.TestBeatSearchFilter" name="test_sort_by_price_high" time="0.109" /><testcase classname="backend.tests.test_iteration22_new_features.TestBeatSearchFilter" name="test_sort_by_bpm_low" time="0.111" /><testcase classname="backend.tests.test_iteration22_new_features.TestBeatSearchFilter" name="test_sort_by_bpm_high" time="0.110" /><testcase classname="backend.tests.test_iteration22_new_features.TestBeatSearchFilter" name="test_combined_filters" time="0.165" /><testcase classname="backend.tests.test_iteration22_new_features.TestSocialSharing" name="test_share_beat_endpoint" time="0.650" /><testcase classname="backend.tests.test_iteration22_new_features.TestSocialSharing" name="test_share_beat_not_found" time="0.125" /><testcase classname="backend.tests.test_iteration22_new_features.TestSocialSharing" name="test_share_release_endpoint" time="0.227" /><testcase classname="backend.tests.test_iteration22_new_features.TestSocialSharing" name="test_share_release_not_found" time="0.118" /><testcase classname="backend.tests.test_iteration22_new_features.TestSocialSharing" name="test_share_artist_endpoint" time="0.210" /><testcase classname="backend.tests.test_iteration22_new_features.TestSocialSharing" name="test_share_artist_not_found" time="0.106" /><testcase classname="backend.tests.test_iteration22_new_features.TestPreSaveCampaigns" name="test_get_existing_campaign_public" time="0.169" /><testcase classname="backend.tests.test_iteration22_new_features.TestPreSaveCampaigns" name="test_get_campaign_not_found" time="0.107" /><testcase classname="backend.tests.test_iteration22_new_features.TestPreSaveCampaigns" name="test_list_my_campaigns" time="0.055" /><testcase classname="backend.tests.test_iteration22_new_features.TestPreSaveCampaigns" name="test_create_presave_campaign" time="0.292" /><testcase classname="backend.tests.test_iteration22_new_features.TestPreSaveCampaigns" name="test_subscribe_to_campaign" time="0.342" /><testcase classname="backend.tests.test_iteration22_new_features.TestPreSaveCampaigns" name="test_subscribe_duplicate_email" time="0.520" /><testcase classname="backend.tests.test_iteration22_new_features.TestPreSaveCampaigns" name="test_subscribe_missing_email" time="0.124" /><testcase classname="backend.tests.test_iteration22_new_features.TestPreSaveCampaigns" name="test_delete_campaign" time="0.052" /><testcase classname="backend.tests.test_iteration22_new_features.TestPreSaveCampaigns" name="test_create_campaign_invalid_release" time="0.054" /><testcase classname="backend.tests.test_iteration22_new_features.TestPreSaveCampaignRequiresAuth" name="test_list_campaigns_requires_auth" time="0.137" /><testcase classname="backend.tests.test_iteration22_new_features.TestPreSaveCampaignRequiresAuth" name="test_create_campaign_requires_auth" time="0.167" /><testcase classname="backend.tests.test_iteration22_new_features.TestPreSaveCampaignRequiresAuth" name="test_delete_campaign_requires_auth" time="0.134" /></testsuite></testsuites>