<?xml version="1.0" encoding="utf-8"?><testsuites name="pytest tests"><testsuite name="pytest" errors="0" failures="0" skipped="0" tests="14" time="6.772" timestamp="2026-04-04T18:02:46.569877+00:00" hostname="agent-env-699fcce3-40a5-4ad3-b6bd-33a98b70dbe2"><testcase classname="backend.tests.test_iteration60_admin_payouts.TestAdminPayoutDashboard" name="test_01_admin_login_success" time="0.935" /><testcase classname="backend.tests.test_iteration60_admin_payouts.TestAdminPayoutDashboard" name="test_02_get_all_payouts" time="0.409" /><testcase classname="backend.tests.test_iteration60_admin_payouts.TestAdminPayoutDashboard" name="test_03_get_pending_payouts" time="0.426" /><testcase classname="backend.tests.test_iteration60_admin_payouts.TestAdminPayoutDashboard" name="test_04_get_payouts_summary" time="0.389" /><testcase classname="backend.tests.test_iteration60_admin_payouts.TestAdminPayoutDashboard" name="test_05_update_payout_to_processing" time="0.491" /><testcase classname="backend.tests.test_iteration60_admin_payouts.TestAdminPayoutDashboard" name="test_06_update_payout_to_completed" time="0.713" /><testcase classname="backend.tests.test_iteration60_admin_payouts.TestAdminPayoutDashboard" name="test_07_update_nonexistent_payout_returns_404" time="0.411" /><testcase classname="backend.tests.test_iteration60_admin_payouts.TestAdminPayoutDashboard" name="test_08_batch_update_payouts" time="0.474" /><testcase classname="backend.tests.test_iteration60_admin_payouts.TestAdminPayoutDashboard" name="test_09_export_csv" time="0.380" /><testcase classname="backend.tests.test_iteration60_admin_payouts.TestNonAdminAccess" name="test_10_nonadmin_get_payouts_returns_403" time="0.420" /><testcase classname="backend.tests.test_iteration60_admin_payouts.TestNonAdminAccess" name="test_11_nonadmin_get_summary_returns_403" time="0.427" /><testcase classname="backend.tests.test_iteration60_admin_payouts.TestNonAdminAccess" name="test_12_nonadmin_update_payout_returns_403" time="0.383" /><testcase classname="backend.tests.test_iteration60_admin_payouts.TestNonAdminAccess" name="test_13_nonadmin_batch_returns_403" time="0.415" /><testcase classname="backend.tests.test_iteration60_admin_payouts.TestNonAdminAccess" name="test_14_nonadmin_export_returns_403" time="0.392" /></testsuite></testsuites>