<?xml version="1.0" encoding="utf-8"?><testsuites name="pytest tests"><testsuite name="pytest" errors="0" failures="0" skipped="2" tests="21" time="10.159" timestamp="2026-04-01T23:34:19.892021+00:00" hostname="agent-env-079514ea-0774-40b5-a9ef-d14177382677"><testcase classname="backend.tests.test_admin_ingestion_splits.TestHealthCheck" name="test_health_endpoint" time="0.228" /><testcase classname="backend.tests.test_admin_ingestion_splits.TestAdminAuth" name="test_admin_login_success" time="0.369" /><testcase classname="backend.tests.test_admin_ingestion_splits.TestAdminAuth" name="test_admin_login_wrong_password" time="0.375" /><testcase classname="backend.tests.test_admin_ingestion_splits.TestAdminDashboard" name="test_admin_dashboard_returns_stats" time="0.399" /><testcase classname="backend.tests.test_admin_ingestion_splits.TestAdminDashboard" name="test_non_admin_cannot_access_dashboard" time="0.403" /><testcase classname="backend.tests.test_admin_ingestion_splits.TestAdminSubmissions" name="test_get_submissions_list" time="0.418" /><testcase classname="backend.tests.test_admin_ingestion_splits.TestAdminSubmissions" name="test_filter_submissions_by_status" time="0.417" /><testcase classname="backend.tests.test_admin_ingestion_splits.TestAdminSubmissions" name="test_filter_submissions_approved" time="0.422" /><testcase classname="backend.tests.test_admin_ingestion_splits.TestAdminUsers" name="test_get_users_list" time="0.421" /><testcase classname="backend.tests.test_admin_ingestion_splits.TestAdminUsers" name="test_search_users" time="0.375" /><testcase classname="backend.tests.test_admin_ingestion_splits.TestAdminUsers" name="test_update_user_role_plan_status" time="0.790" /><testcase classname="backend.tests.test_admin_ingestion_splits.TestIngestionFlow" name="test_submit_distribution_creates_pending_review" time="0.778" /><testcase classname="backend.tests.test_admin_ingestion_splits.TestIngestionFlow" name="test_review_submission_approve" time="0.432"><skipped type="pytest.skip" message="No pending submissions to test approval">/app/backend/tests/test_admin_ingestion_splits.py:323: No pending submissions to test approval</skipped></testcase><testcase classname="backend.tests.test_admin_ingestion_splits.TestIngestionFlow" name="test_review_submission_reject" time="0.392"><skipped type="pytest.skip" message="No pending submissions to test rejection">/app/backend/tests/test_admin_ingestion_splits.py:346: No pending submissions to test rejection</skipped></testcase><testcase classname="backend.tests.test_admin_ingestion_splits.TestSplitPayments" name="test_create_split_agreement" time="0.557" /><testcase classname="backend.tests.test_admin_ingestion_splits.TestSplitPayments" name="test_get_split_details" time="0.550" /><testcase classname="backend.tests.test_admin_ingestion_splits.TestSplitPayments" name="test_update_split_percentages" time="0.640" /><testcase classname="backend.tests.test_admin_ingestion_splits.TestSplitPayments" name="test_delete_split_agreement" time="0.596" /><testcase classname="backend.tests.test_admin_ingestion_splits.TestSplitPayments" name="test_split_percentage_validation" time="0.673" /><testcase classname="backend.tests.test_admin_ingestion_splits.TestAdminAccessControl" name="test_unauthenticated_cannot_access_admin" time="0.335" /><testcase classname="backend.tests.test_admin_ingestion_splits.TestAdminAccessControl" name="test_regular_user_cannot_access_admin" time="0.473" /></testsuite></testsuites>