<?xml version="1.0" encoding="utf-8"?><testsuites name="pytest tests"><testsuite name="pytest" errors="0" failures="0" skipped="0" tests="21" time="8.811" timestamp="2026-04-04T23:29:09.082424+00:00" hostname="agent-env-699fcce3-40a5-4ad3-b6bd-33a98b70dbe2"><testcase classname="backend.tests.test_iteration66_page_builder_seeding.TestPageBuilderSeeding" name="test_seed_all_pages_requires_auth" time="0.528" /><testcase classname="backend.tests.test_iteration66_page_builder_seeding.TestPageBuilderSeeding" name="test_seed_defaults_requires_auth" time="0.431" /><testcase classname="backend.tests.test_iteration66_page_builder_seeding.TestPageBuilderSeeding" name="test_get_page_layout_requires_auth" time="0.434" /><testcase classname="backend.tests.test_iteration66_page_builder_seeding.TestPageBuilderSeeding" name="test_user_cleanup_requires_auth" time="0.446" /><testcase classname="backend.tests.test_iteration66_page_builder_seeding.TestPageBuilderSeeding" name="test_seed_all_pages" time="0.382" /><testcase classname="backend.tests.test_iteration66_page_builder_seeding.TestPageBuilderSeeding" name="test_seed_landing_page" time="0.382" /><testcase classname="backend.tests.test_iteration66_page_builder_seeding.TestPageBuilderSeeding" name="test_seed_about_page" time="0.391" /><testcase classname="backend.tests.test_iteration66_page_builder_seeding.TestPageBuilderSeeding" name="test_seed_pricing_page" time="0.400" /><testcase classname="backend.tests.test_iteration66_page_builder_seeding.TestPageBuilderSeeding" name="test_seed_invalid_page_returns_400" time="0.370" /><testcase classname="backend.tests.test_iteration66_page_builder_seeding.TestPageBuilderSeeding" name="test_get_landing_page_layout" time="0.365" /><testcase classname="backend.tests.test_iteration66_page_builder_seeding.TestPageBuilderSeeding" name="test_get_about_page_layout" time="0.377" /><testcase classname="backend.tests.test_iteration66_page_builder_seeding.TestPageBuilderSeeding" name="test_get_pricing_page_layout" time="0.376" /><testcase classname="backend.tests.test_iteration66_page_builder_seeding.TestPageBuilderSeeding" name="test_landing_page_has_correct_block_content" time="0.406" /><testcase classname="backend.tests.test_iteration66_page_builder_seeding.TestPageBuilderSeeding" name="test_user_cleanup_non_admin" time="0.395" /><testcase classname="backend.tests.test_iteration66_page_builder_seeding.TestPageBuilderSeeding" name="test_verify_only_admins_remain" time="0.430" /><testcase classname="backend.tests.test_iteration66_page_builder_seeding.TestPageBuilderSeeding" name="test_add_block_to_page" time="0.444" /><testcase classname="backend.tests.test_iteration66_page_builder_seeding.TestPageBuilderSeeding" name="test_delete_block_from_page" time="0.424" /><testcase classname="backend.tests.test_iteration66_page_builder_seeding.TestPageBuilderSeeding" name="test_save_page_layout" time="0.437" /><testcase classname="backend.tests.test_iteration66_page_builder_seeding.TestPageBuilderBlockCounts" name="test_landing_has_14_blocks" time="0.408" /><testcase classname="backend.tests.test_iteration66_page_builder_seeding.TestPageBuilderBlockCounts" name="test_about_has_5_blocks" time="0.431" /><testcase classname="backend.tests.test_iteration66_page_builder_seeding.TestPageBuilderBlockCounts" name="test_pricing_has_4_blocks" time="0.481" /></testsuite></testsuites>