<?xml version="1.0" encoding="utf-8"?><testsuites name="pytest tests"><testsuite name="pytest" errors="0" failures="0" skipped="0" tests="12" time="27.870" timestamp="2026-04-02T21:31:23.409116+00:00" hostname="agent-env-dbac93c7-8c61-4d68-9acc-9338b250dcc8"><testcase classname="backend.tests.test_iteration28_weekly_digest.TestDigestSend" name="test_digest_send_requires_auth" time="0.156" /><testcase classname="backend.tests.test_iteration28_weekly_digest.TestDigestSend" name="test_digest_send_returns_stats" time="0.664" /><testcase classname="backend.tests.test_iteration28_weekly_digest.TestDigestPreview" name="test_digest_preview_requires_auth" time="0.125" /><testcase classname="backend.tests.test_iteration28_weekly_digest.TestDigestPreview" name="test_digest_preview_returns_html" time="0.060" /><testcase classname="backend.tests.test_iteration28_weekly_digest.TestDigestPreview" name="test_digest_preview_html_structure" time="0.057" /><testcase classname="backend.tests.test_iteration28_weekly_digest.TestDigestHistory" name="test_digest_history_requires_auth" time="0.118" /><testcase classname="backend.tests.test_iteration28_weekly_digest.TestDigestHistory" name="test_digest_history_returns_list" time="0.051" /><testcase classname="backend.tests.test_iteration28_weekly_digest.TestNotificationPreferences" name="test_get_notification_prefs_includes_weekly_digest" time="0.062" /><testcase classname="backend.tests.test_iteration28_weekly_digest.TestNotificationPreferences" name="test_toggle_weekly_digest_preference" time="0.196" /><testcase classname="backend.tests.test_iteration28_weekly_digest.TestRegressionAIEndpoints" name="test_smart_insights_still_works" time="7.111" /><testcase classname="backend.tests.test_iteration28_weekly_digest.TestRegressionAIEndpoints" name="test_release_strategy_still_works" time="7.845" /><testcase classname="backend.tests.test_iteration28_weekly_digest.TestRegressionAIEndpoints" name="test_export_pdf_still_works" time="11.358" /></testsuite></testsuites>