<?xml version="1.0" encoding="utf-8"?><testsuites name="pytest tests"><testsuite name="pytest" errors="0" failures="1" skipped="0" tests="9" time="2.567" timestamp="2026-04-03T16:26:10.954676+00:00" hostname="agent-env-699fcce3-40a5-4ad3-b6bd-33a98b70dbe2"><testcase classname="backend.tests.test_iteration35_registration_role_track.TestSetRoleEndpoint" name="test_set_role_requires_auth" time="0.175" /><testcase classname="backend.tests.test_iteration35_registration_role_track.TestSetRoleEndpoint" name="test_set_role_artist_valid" time="0.404" /><testcase classname="backend.tests.test_iteration35_registration_role_track.TestSetRoleEndpoint" name="test_set_role_label_producer_valid" time="0.049" /><testcase classname="backend.tests.test_iteration35_registration_role_track.TestSetRoleEndpoint" name="test_set_role_invalid_role_rejected" time="0.386" /><testcase classname="backend.tests.test_iteration35_registration_role_track.TestSetRoleEndpoint" name="test_set_role_updates_user_profile" time="0.095" /><testcase classname="backend.tests.test_iteration35_registration_role_track.TestRegistrationEndpoint" name="test_register_with_all_new_fields" time="0.392" /><testcase classname="backend.tests.test_iteration35_registration_role_track.TestRegistrationEndpoint" name="test_register_minimal_fields" time="0.338" /><testcase classname="backend.tests.test_iteration35_registration_role_track.TestWelcomeEmailFunction" name="test_welcome_email_import" time="0.245"><failure message="KeyError: 'MONGO_URL'">backend/tests/test_iteration35_registration_role_track.py:184: in test_welcome_email_import
    from routes.email_routes import send_welcome_email
backend/routes/email_routes.py:20: in &lt;module&gt;
    _client = AsyncIOMotorClient(os.environ['MONGO_URL'])
                                 ^^^^^^^^^^^^^^^^^^^^^^^
&lt;frozen os&gt;:679: in __getitem__
    ???
E   KeyError: 'MONGO_URL'</failure></testcase><testcase classname="backend.tests.test_iteration35_registration_role_track.TestAdminLogin" name="test_admin_login" time="0.383" /></testsuite></testsuites>