<?xml version="1.0" encoding="utf-8"?><testsuites name="pytest tests"><testsuite name="pytest" errors="0" failures="0" skipped="0" tests="10" time="20.602" timestamp="2026-04-02T21:14:45.990861+00:00" hostname="agent-env-dbac93c7-8c61-4d68-9acc-9338b250dcc8"><testcase classname="backend.tests.test_iteration27_smart_insights.TestSmartInsightsAuth" name="test_post_smart_insights_requires_auth" time="0.231" /><testcase classname="backend.tests.test_iteration27_smart_insights.TestSmartInsightsAuth" name="test_get_smart_insights_requires_auth" time="0.156" /><testcase classname="backend.tests.test_iteration27_smart_insights.TestSmartInsightsGeneration" name="test_generate_smart_insights_success" time="6.525" /><testcase classname="backend.tests.test_iteration27_smart_insights.TestSmartInsightsGeneration" name="test_insights_stored_as_notifications" time="5.844" /><testcase classname="backend.tests.test_iteration27_smart_insights.TestSmartInsightsRetrieval" name="test_get_smart_insights_returns_only_ai_insights" time="0.439" /><testcase classname="backend.tests.test_iteration27_smart_insights.TestNotificationsIntegration" name="test_notifications_include_ai_insights" time="0.392" /><testcase classname="backend.tests.test_iteration27_smart_insights.TestNotificationsIntegration" name="test_unread_count_includes_ai_insights" time="0.046" /><testcase classname="backend.tests.test_iteration27_smart_insights.TestRegressionAIEndpoints" name="test_release_strategy_still_works" time="6.534" /><testcase classname="backend.tests.test_iteration27_smart_insights.TestRegressionAIEndpoints" name="test_save_strategy_still_works" time="0.120" /><testcase classname="backend.tests.test_iteration27_smart_insights.TestRegressionAIEndpoints" name="test_export_pdf_still_works" time="0.215" /></testsuite></testsuites>