<?xml version="1.0" encoding="utf-8"?><testsuites name="pytest tests"><testsuite name="pytest" errors="0" failures="0" skipped="0" tests="22" time="8.706" timestamp="2026-04-03T23:04:56.637988+00:00" hostname="agent-env-699fcce3-40a5-4ad3-b6bd-33a98b70dbe2"><testcase classname="backend.tests.test_iteration43_revenue_export.TestRevenueExportCSV" name="test_csv_export_returns_200" time="0.540" /><testcase classname="backend.tests.test_iteration43_revenue_export.TestRevenueExportCSV" name="test_csv_export_content_type" time="0.379" /><testcase classname="backend.tests.test_iteration43_revenue_export.TestRevenueExportCSV" name="test_csv_export_has_kalmori_branding" time="0.407" /><testcase classname="backend.tests.test_iteration43_revenue_export.TestRevenueExportCSV" name="test_csv_export_has_streaming_section" time="0.429" /><testcase classname="backend.tests.test_iteration43_revenue_export.TestRevenueExportCSV" name="test_csv_export_has_kalmori_section" time="0.400" /><testcase classname="backend.tests.test_iteration43_revenue_export.TestRevenueExportCSV" name="test_csv_export_has_artist_name" time="0.416" /><testcase classname="backend.tests.test_iteration43_revenue_export.TestRevenueExportCSV" name="test_csv_export_has_plan_info" time="0.406" /><testcase classname="backend.tests.test_iteration43_revenue_export.TestRevenueExportCSV" name="test_csv_export_has_generated_date" time="0.436" /><testcase classname="backend.tests.test_iteration43_revenue_export.TestRevenueExportCSV" name="test_csv_export_has_footer" time="0.403" /><testcase classname="backend.tests.test_iteration43_revenue_export.TestRevenueExportPDF" name="test_pdf_export_returns_200" time="0.464" /><testcase classname="backend.tests.test_iteration43_revenue_export.TestRevenueExportPDF" name="test_pdf_export_content_type" time="0.429" /><testcase classname="backend.tests.test_iteration43_revenue_export.TestRevenueExportPDF" name="test_pdf_export_is_valid_pdf" time="0.404" /><testcase classname="backend.tests.test_iteration43_revenue_export.TestRevenueExportPDF" name="test_pdf_export_has_content_disposition" time="0.478" /><testcase classname="backend.tests.test_iteration43_revenue_export.TestExportAuthentication" name="test_csv_export_requires_auth" time="0.109" /><testcase classname="backend.tests.test_iteration43_revenue_export.TestExportAuthentication" name="test_pdf_export_requires_auth" time="0.122" /><testcase classname="backend.tests.test_iteration43_revenue_export.TestRoyaltyImportNotifications" name="test_notifications_endpoint_exists" time="0.371" /><testcase classname="backend.tests.test_iteration43_revenue_export.TestRoyaltyImportNotifications" name="test_royalty_update_notification_exists" time="0.399" /><testcase classname="backend.tests.test_iteration43_revenue_export.TestRoyaltyImportNotifications" name="test_notification_has_required_fields" time="0.394" /><testcase classname="backend.tests.test_iteration43_revenue_export.TestRevenueAnalyticsEndpoint" name="test_revenue_analytics_returns_200" time="0.408" /><testcase classname="backend.tests.test_iteration43_revenue_export.TestRevenueAnalyticsEndpoint" name="test_revenue_analytics_has_summary" time="0.396" /><testcase classname="backend.tests.test_iteration43_revenue_export.TestRevenueAnalyticsEndpoint" name="test_revenue_analytics_has_kalmori" time="0.399" /><testcase classname="backend.tests.test_iteration43_revenue_export.TestRevenueAnalyticsEndpoint" name="test_revenue_analytics_has_combined" time="0.419" /></testsuite></testsuites>