<?xml version="1.0" encoding="utf-8"?><testsuites name="pytest tests"><testsuite name="pytest" errors="0" failures="0" skipped="0" tests="11" time="6.701" timestamp="2026-04-04T16:18:36.845853+00:00" hostname="agent-env-699fcce3-40a5-4ad3-b6bd-33a98b70dbe2"><testcase classname="backend.tests.test_iteration55_file_sharing.TestFileSharing" name="test_01_login_works" time="0.503" /><testcase classname="backend.tests.test_iteration55_file_sharing.TestFileSharing" name="test_02_get_conversations" time="0.397" /><testcase classname="backend.tests.test_iteration55_file_sharing.TestFileSharing" name="test_03_upload_text_file" time="0.629" /><testcase classname="backend.tests.test_iteration55_file_sharing.TestFileSharing" name="test_04_upload_audio_file" time="0.547" /><testcase classname="backend.tests.test_iteration55_file_sharing.TestFileSharing" name="test_05_upload_image_file" time="0.833" /><testcase classname="backend.tests.test_iteration55_file_sharing.TestFileSharing" name="test_06_download_uploaded_file" time="0.496" /><testcase classname="backend.tests.test_iteration55_file_sharing.TestFileSharing" name="test_07_messages_include_file_fields" time="0.387" /><testcase classname="backend.tests.test_iteration55_file_sharing.TestFileSharing" name="test_08_upload_returns_404_for_non_participant" time="0.794" /><testcase classname="backend.tests.test_iteration55_file_sharing.TestFileSharing" name="test_09_download_returns_403_for_non_participant" time="0.867" /><testcase classname="backend.tests.test_iteration55_file_sharing.TestFileSharing" name="test_10_messages_privacy" time="0.783" /><testcase classname="backend.tests.test_iteration55_file_sharing.TestFileSharing" name="test_11_text_messages_still_work" time="0.373" /></testsuite></testsuites>