<?xml version="1.0" encoding="utf-8"?><testsuites name="pytest tests"><testsuite name="pytest" errors="0" failures="0" skipped="0" tests="15" time="6.307" timestamp="2026-04-06T10:48:36.274260+00:00" hostname="agent-env-699fcce3-40a5-4ad3-b6bd-33a98b70dbe2"><testcase classname="backend.tests.test_iteration69_feature_announcements.TestAnalyticsRealDataOnly" name="test_analytics_overview_returns_zeros_for_new_user" time="0.439" /><testcase classname="backend.tests.test_iteration69_feature_announcements.TestAnalyticsRealDataOnly" name="test_analytics_trending_returns_empty_for_new_user" time="0.398" /><testcase classname="backend.tests.test_iteration69_feature_announcements.TestAnalyticsRealDataOnly" name="test_analytics_leaderboard_returns_zero_active_releases" time="0.397" /><testcase classname="backend.tests.test_iteration69_feature_announcements.TestAnalyticsRealDataOnly" name="test_analytics_revenue_returns_zeros" time="0.414" /><testcase classname="backend.tests.test_iteration69_feature_announcements.TestCSVImportAdminOnly" name="test_csv_import_returns_403_for_non_admin" time="0.381" /><testcase classname="backend.tests.test_iteration69_feature_announcements.TestCSVImportAdminOnly" name="test_csv_import_succeeds_for_admin" time="0.407" /><testcase classname="backend.tests.test_iteration69_feature_announcements.TestFeatureAnnouncementsCRUD" name="test_list_feature_announcements" time="0.365" /><testcase classname="backend.tests.test_iteration69_feature_announcements.TestFeatureAnnouncementsCRUD" name="test_create_feature_announcement" time="0.415" /><testcase classname="backend.tests.test_iteration69_feature_announcements.TestFeatureAnnouncementsCRUD" name="test_create_announcement_with_different_plans" time="0.715" /><testcase classname="backend.tests.test_iteration69_feature_announcements.TestFeatureAnnouncementsCRUD" name="test_delete_feature_announcement" time="0.473" /><testcase classname="backend.tests.test_iteration69_feature_announcements.TestFeatureAnnouncementsCRUD" name="test_delete_nonexistent_announcement_returns_404" time="0.376" /><testcase classname="backend.tests.test_iteration69_feature_announcements.TestFeatureAnnouncementsNonAdmin" name="test_non_admin_cannot_list_announcements" time="0.375" /><testcase classname="backend.tests.test_iteration69_feature_announcements.TestFeatureAnnouncementsNonAdmin" name="test_non_admin_cannot_create_announcement" time="0.398" /><testcase classname="backend.tests.test_iteration69_feature_announcements.TestAdminLogin" name="test_admin_login_primary" time="0.332" /><testcase classname="backend.tests.test_iteration69_feature_announcements.TestAdminLogin" name="test_admin_login_secondary" time="0.325" /></testsuite></testsuites>