<?xml version="1.0" encoding="utf-8"?><testsuites name="pytest tests"><testsuite name="pytest" errors="0" failures="0" skipped="0" tests="13" time="6.665" timestamp="2026-04-04T16:34:28.884424+00:00" hostname="agent-env-699fcce3-40a5-4ad3-b6bd-33a98b70dbe2"><testcase classname="backend.tests.test_iteration56_read_receipts_typing.TestReadReceiptsAndTyping" name="test_01_login_success" time="0.798" /><testcase classname="backend.tests.test_iteration56_read_receipts_typing.TestReadReceiptsAndTyping" name="test_02_get_conversations" time="0.414" /><testcase classname="backend.tests.test_iteration56_read_receipts_typing.TestReadReceiptsAndTyping" name="test_03_get_messages_returns_new_format" time="0.569" /><testcase classname="backend.tests.test_iteration56_read_receipts_typing.TestReadReceiptsAndTyping" name="test_04_messages_have_read_field" time="0.444" /><testcase classname="backend.tests.test_iteration56_read_receipts_typing.TestReadReceiptsAndTyping" name="test_05_typing_endpoint_returns_ok" time="0.421" /><testcase classname="backend.tests.test_iteration56_read_receipts_typing.TestReadReceiptsAndTyping" name="test_06_typing_endpoint_404_for_non_participant" time="0.445" /><testcase classname="backend.tests.test_iteration56_read_receipts_typing.TestReadReceiptsAndTyping" name="test_07_typing_status_in_messages_response" time="0.487" /><testcase classname="backend.tests.test_iteration56_read_receipts_typing.TestReadReceiptsAndTyping" name="test_08_send_message_and_verify_read_false" time="0.473" /><testcase classname="backend.tests.test_iteration56_read_receipts_typing.TestReadReceiptsAndTyping" name="test_09_messages_marked_read_on_fetch" time="0.435" /><testcase classname="backend.tests.test_iteration56_read_receipts_typing.TestReadReceiptsAndTyping" name="test_10_text_messages_still_work" time="0.416" /><testcase classname="backend.tests.test_iteration56_read_receipts_typing.TestReadReceiptsAndTyping" name="test_11_get_messages_404_for_non_participant" time="0.677" /><testcase classname="backend.tests.test_iteration56_read_receipts_typing.TestTypingExpiration" name="test_typing_status_mechanism" time="0.494" /><testcase classname="backend.tests.test_iteration56_read_receipts_typing.TestReadReceiptFullFlow" name="test_full_message_flow_with_read_status" time="0.497" /></testsuite></testsuites>