<?xml version="1.0" encoding="utf-8"?><testsuites name="pytest tests"><testsuite name="pytest" errors="0" failures="0" skipped="0" tests="12" time="12.984" timestamp="2026-04-02T21:51:22.742626+00:00" hostname="agent-env-dbac93c7-8c61-4d68-9acc-9338b250dcc8"><testcase classname="backend.tests.test_iteration30_leaderboard.TestLeaderboardAuthentication" name="test_leaderboard_requires_auth" time="0.220" /><testcase classname="backend.tests.test_iteration30_leaderboard.TestLeaderboardEndpoint" name="test_leaderboard_returns_200" time="0.549" /><testcase classname="backend.tests.test_iteration30_leaderboard.TestLeaderboardEndpoint" name="test_leaderboard_response_structure" time="0.628" /><testcase classname="backend.tests.test_iteration30_leaderboard.TestLeaderboardEndpoint" name="test_leaderboard_item_fields" time="0.485" /><testcase classname="backend.tests.test_iteration30_leaderboard.TestLeaderboardEndpoint" name="test_sparkline_has_14_data_points" time="0.446" /><testcase classname="backend.tests.test_iteration30_leaderboard.TestLeaderboardEndpoint" name="test_leaderboard_sorted_by_total_streams" time="0.499" /><testcase classname="backend.tests.test_iteration30_leaderboard.TestLeaderboardEndpoint" name="test_rank_field_sequential" time="0.448" /><testcase classname="backend.tests.test_iteration30_leaderboard.TestLeaderboardEndpoint" name="test_hot_streak_is_boolean" time="0.502" /><testcase classname="backend.tests.test_iteration30_leaderboard.TestLeaderboardEndpoint" name="test_data_types" time="0.477" /><testcase classname="backend.tests.test_iteration30_leaderboard.TestLeaderboardEndpoint" name="test_active_releases_count" time="0.485" /><testcase classname="backend.tests.test_iteration30_leaderboard.TestRegressionEndpoints" name="test_revenue_endpoint_still_works" time="0.498" /><testcase classname="backend.tests.test_iteration30_leaderboard.TestRegressionEndpoints" name="test_smart_insights_endpoint_still_works" time="7.661" /></testsuite></testsuites>