<?xml version="1.0" encoding="utf-8"?><testsuites name="pytest tests"><testsuite name="pytest" errors="0" failures="0" skipped="0" tests="17" time="47.529" timestamp="2026-04-02T16:19:56.795218+00:00" hostname="agent-env-dbac93c7-8c61-4d68-9acc-9338b250dcc8"><testcase classname="backend.tests.test_iteration18_purchases_receipts.TestPurchasesAndReceipts" name="test_get_purchases_requires_auth" time="0.602" /><testcase classname="backend.tests.test_iteration18_purchases_receipts.TestPurchasesAndReceipts" name="test_get_purchases_returns_enriched_list" time="0.394" /><testcase classname="backend.tests.test_iteration18_purchases_receipts.TestPurchasesAndReceipts" name="test_download_requires_auth" time="0.481" /><testcase classname="backend.tests.test_iteration18_purchases_receipts.TestPurchasesAndReceipts" name="test_download_returns_404_for_invalid_purchase" time="0.413" /><testcase classname="backend.tests.test_iteration18_purchases_receipts.TestPurchasesAndReceipts" name="test_download_returns_403_for_unpaid_purchase" time="0.454" /><testcase classname="backend.tests.test_iteration18_purchases_receipts.TestPurchasesAndReceipts" name="test_verify_requires_auth" time="0.538" /><testcase classname="backend.tests.test_iteration18_purchases_receipts.TestPurchasesAndReceipts" name="test_verify_returns_404_for_invalid_session" time="0.847" /><testcase classname="backend.tests.test_iteration18_purchases_receipts.TestPurchasesAndReceipts" name="test_receipts_send_requires_auth" time="0.449" /><testcase classname="backend.tests.test_iteration18_purchases_receipts.TestPurchasesAndReceipts" name="test_receipts_send_requires_transaction_id" time="0.481" /><testcase classname="backend.tests.test_iteration18_purchases_receipts.TestPurchasesAndReceipts" name="test_receipts_send_returns_404_for_invalid_transaction" time="0.380" /><testcase classname="backend.tests.test_iteration18_purchases_receipts.TestPurchasesAndReceipts" name="test_receipts_send_with_valid_purchase" time="0.461" /><testcase classname="backend.tests.test_iteration18_purchases_receipts.TestPurchasesAndReceipts" name="test_beats_purchases_requires_auth" time="0.488" /><testcase classname="backend.tests.test_iteration18_purchases_receipts.TestPurchasesAndReceipts" name="test_beats_purchases_returns_list" time="0.400" /><testcase classname="backend.tests.test_iteration18_purchases_receipts.TestBeatPurchaseCheckout" name="test_checkout_creates_stripe_session" time="0.937" /><testcase classname="backend.tests.test_iteration18_purchases_receipts.TestBeatPurchaseCheckout" name="test_checkout_success_url_redirects_to_purchases" time="39.785" /><testcase classname="backend.tests.test_iteration18_purchases_receipts.TestHealthAndBasics" name="test_health_endpoint" time="0.177" /><testcase classname="backend.tests.test_iteration18_purchases_receipts.TestHealthAndBasics" name="test_beats_endpoint_public" time="0.143" /></testsuite></testsuites>