<?xml version="1.0" encoding="utf-8"?><testsuites name="pytest tests"><testsuite name="pytest" errors="0" failures="0" skipped="0" tests="18" time="8.192" timestamp="2026-04-03T16:35:55.496035+00:00" hostname="agent-env-699fcce3-40a5-4ad3-b6bd-33a98b70dbe2"><testcase classname="backend.tests.test_iteration36_label_dashboard.TestLabelDashboard" name="test_label_dashboard_returns_200" time="0.494" /><testcase classname="backend.tests.test_iteration36_label_dashboard.TestLabelDashboard" name="test_label_dashboard_structure" time="0.393" /><testcase classname="backend.tests.test_iteration36_label_dashboard.TestLabelDashboard" name="test_label_dashboard_requires_auth" time="0.500" /><testcase classname="backend.tests.test_iteration36_label_dashboard.TestLabelDashboard" name="test_label_artists_returns_200" time="0.376" /><testcase classname="backend.tests.test_iteration36_label_dashboard.TestLabelDashboard" name="test_label_artists_structure" time="0.407" /><testcase classname="backend.tests.test_iteration36_label_dashboard.TestLabelDashboard" name="test_label_artists_requires_auth" time="0.459" /><testcase classname="backend.tests.test_iteration36_label_dashboard.TestLabelDashboard" name="test_invite_artist_nonexistent_email_returns_404" time="0.379" /><testcase classname="backend.tests.test_iteration36_label_dashboard.TestLabelDashboard" name="test_invite_artist_duplicate_returns_409" time="0.453" /><testcase classname="backend.tests.test_iteration36_label_dashboard.TestLabelDashboard" name="test_invite_artist_requires_auth" time="0.447" /><testcase classname="backend.tests.test_iteration36_label_dashboard.TestLabelDashboard" name="test_invite_self_returns_400" time="0.422" /><testcase classname="backend.tests.test_iteration36_label_dashboard.TestLabelDashboard" name="test_remove_artist_nonexistent_returns_404" time="0.396" /><testcase classname="backend.tests.test_iteration36_label_dashboard.TestLabelDashboard" name="test_remove_artist_requires_auth" time="0.465" /><testcase classname="backend.tests.test_iteration36_label_dashboard.TestLabelDashboardIntegration" name="test_full_invite_and_remove_flow" time="0.742" /><testcase classname="backend.tests.test_iteration36_label_dashboard.TestLabelDashboardDataValidation" name="test_platform_breakdown_structure" time="0.382" /><testcase classname="backend.tests.test_iteration36_label_dashboard.TestLabelDashboardDataValidation" name="test_country_breakdown_structure" time="0.380" /><testcase classname="backend.tests.test_iteration36_label_dashboard.TestLabelDashboardDataValidation" name="test_top_artists_structure" time="0.421" /><testcase classname="backend.tests.test_iteration36_label_dashboard.TestLabelDashboardDataValidation" name="test_recent_releases_structure" time="0.444" /><testcase classname="backend.tests.test_iteration36_label_dashboard.TestLabelDashboardDataValidation" name="test_artist_stats_in_roster" time="0.536" /></testsuite></testsuites>