<?xml version="1.0" encoding="utf-8"?><testsuites name="pytest tests"><testsuite name="pytest" errors="0" failures="0" skipped="0" tests="10" time="3.021" timestamp="2026-04-04T14:32:40.015799+00:00" hostname="agent-env-699fcce3-40a5-4ad3-b6bd-33a98b70dbe2"><testcase classname="backend.tests.test_iteration50_referrals.TestAdminLogin" name="test_admin_login_success" time="0.364" /><testcase classname="backend.tests.test_iteration50_referrals.TestAdminLogin" name="test_old_admin_no_longer_exists" time="0.107" /><testcase classname="backend.tests.test_iteration50_referrals.TestReferralEndpoints" name="test_get_referral_link" time="0.469" /><testcase classname="backend.tests.test_iteration50_referrals.TestReferralEndpoints" name="test_get_referral_stats" time="0.470" /><testcase classname="backend.tests.test_iteration50_referrals.TestReferralEndpoints" name="test_validate_referral_code_valid" time="0.547" /><testcase classname="backend.tests.test_iteration50_referrals.TestReferralEndpoints" name="test_validate_referral_code_invalid" time="0.103" /><testcase classname="backend.tests.test_iteration50_referrals.TestReferralEndpoints" name="test_referral_endpoints_require_auth" time="0.213" /><testcase classname="backend.tests.test_iteration50_referrals.TestAdminReferralOverview" name="test_admin_referral_overview" time="0.444" /><testcase classname="backend.tests.test_iteration50_referrals.TestAdminReferralOverview" name="test_admin_referral_overview_requires_admin" time="0.136" /><testcase classname="backend.tests.test_iteration50_referrals.TestDatabaseWipe" name="test_promo_code_launch50_wiped" time="0.097" /></testsuite></testsuites>