<?xml version="1.0" encoding="utf-8"?><testsuites name="pytest tests"><testsuite name="pytest" errors="0" failures="0" skipped="2" tests="25" time="4.560" timestamp="2026-04-03T23:53:12.423426+00:00" hostname="agent-env-699fcce3-40a5-4ad3-b6bd-33a98b70dbe2"><testcase classname="tests.test_iteration45_email_campaigns_leads.TestEmailVerificationSystem" name="test_01_registration_creates_unverified_user" time="0.350" /><testcase classname="tests.test_iteration45_email_campaigns_leads.TestEmailVerificationSystem" name="test_02_registration_creates_verification_token" time="0.350" /><testcase classname="tests.test_iteration45_email_campaigns_leads.TestEmailVerificationSystem" name="test_03_registration_creates_admin_notification" time="0.055" /><testcase classname="tests.test_iteration45_email_campaigns_leads.TestEmailVerificationSystem" name="test_04_verify_email_with_invalid_token" time="0.120" /><testcase classname="tests.test_iteration45_email_campaigns_leads.TestEmailVerificationSystem" name="test_05_resend_verification_requires_auth" time="0.104" /><testcase classname="tests.test_iteration45_email_campaigns_leads.TestEmailVerificationSystem" name="test_06_resend_verification_for_authenticated_user" time="0.049" /><testcase classname="tests.test_iteration45_email_campaigns_leads.TestMarketingCampaigns" name="test_01_create_campaign" time="0.391" /><testcase classname="tests.test_iteration45_email_campaigns_leads.TestMarketingCampaigns" name="test_02_list_campaigns" time="0.057" /><testcase classname="tests.test_iteration45_email_campaigns_leads.TestMarketingCampaigns" name="test_03_preview_campaign" time="0.062" /><testcase classname="tests.test_iteration45_email_campaigns_leads.TestMarketingCampaigns" name="test_04_preview_nonexistent_campaign" time="0.058" /><testcase classname="tests.test_iteration45_email_campaigns_leads.TestMarketingCampaigns" name="test_05_send_campaign" time="0.237" /><testcase classname="tests.test_iteration45_email_campaigns_leads.TestMarketingCampaigns" name="test_06_verify_campaign_status_after_send" time="0.180" /><testcase classname="tests.test_iteration45_email_campaigns_leads.TestMarketingCampaigns" name="test_07_delete_campaign" time="0.299" /><testcase classname="tests.test_iteration45_email_campaigns_leads.TestMarketingCampaigns" name="test_08_delete_nonexistent_campaign" time="0.122" /><testcase classname="tests.test_iteration45_email_campaigns_leads.TestMarketingCampaigns" name="test_09_campaigns_require_admin" time="0.177" /><testcase classname="tests.test_iteration45_email_campaigns_leads.TestLeadFollowUp" name="test_01_get_leads" time="1.147" /><testcase classname="tests.test_iteration45_email_campaigns_leads.TestLeadFollowUp" name="test_02_leads_have_required_fields" time="0.000" /><testcase classname="tests.test_iteration45_email_campaigns_leads.TestLeadFollowUp" name="test_03_leads_types_are_valid" time="0.000" /><testcase classname="tests.test_iteration45_email_campaigns_leads.TestLeadFollowUp" name="test_04_send_reminder_requires_lead_id" time="0.048" /><testcase classname="tests.test_iteration45_email_campaigns_leads.TestLeadFollowUp" name="test_05_send_reminder_to_specific_lead" time="0.000"><skipped type="pytest.skip" message="No unreminded leads available">/app/backend/tests/test_iteration45_email_campaigns_leads.py:373: No unreminded leads available</skipped></testcase><testcase classname="tests.test_iteration45_email_campaigns_leads.TestLeadFollowUp" name="test_06_verify_reminder_marked_as_sent" time="0.000"><skipped type="pytest.skip" message="No reminded lead to verify">/app/backend/tests/test_iteration45_email_campaigns_leads.py:393: No reminded lead to verify</skipped></testcase><testcase classname="tests.test_iteration45_email_campaigns_leads.TestLeadFollowUp" name="test_07_send_reminder_to_nonexistent_lead" time="0.048" /><testcase classname="tests.test_iteration45_email_campaigns_leads.TestLeadFollowUp" name="test_08_send_all_reminders" time="0.047" /><testcase classname="tests.test_iteration45_email_campaigns_leads.TestLeadFollowUp" name="test_09_leads_require_admin" time="0.118" /><testcase classname="tests.test_iteration45_email_campaigns_leads.TestCleanup" name="test_cleanup_test_campaigns" time="0.412" /></testsuite></testsuites>