<?xml version="1.0" encoding="utf-8"?><testsuites name="pytest tests"><testsuite name="pytest" errors="0" failures="0" skipped="0" tests="15" time="10.430" timestamp="2026-04-02T21:41:57.193206+00:00" hostname="agent-env-dbac93c7-8c61-4d68-9acc-9338b250dcc8"><testcase classname="backend.tests.test_iteration29_revenue_analytics.TestRevenueAnalyticsEndpoint" name="test_revenue_requires_auth" time="0.205" /><testcase classname="backend.tests.test_iteration29_revenue_analytics.TestRevenueAnalyticsEndpoint" name="test_revenue_returns_summary" time="0.484" /><testcase classname="backend.tests.test_iteration29_revenue_analytics.TestRevenueAnalyticsEndpoint" name="test_revenue_returns_platforms_array" time="0.077" /><testcase classname="backend.tests.test_iteration29_revenue_analytics.TestRevenueAnalyticsEndpoint" name="test_revenue_returns_monthly_trend" time="0.067" /><testcase classname="backend.tests.test_iteration29_revenue_analytics.TestRevenueAnalyticsEndpoint" name="test_revenue_returns_collaborator_splits" time="0.064" /><testcase classname="backend.tests.test_iteration29_revenue_analytics.TestRevenueAnalyticsEndpoint" name="test_revenue_plan_fee_calculation" time="0.061" /><testcase classname="backend.tests.test_iteration29_revenue_analytics.TestRevenueCalculatorEndpoint" name="test_calculator_requires_auth" time="0.152" /><testcase classname="backend.tests.test_iteration29_revenue_analytics.TestRevenueCalculatorEndpoint" name="test_calculator_basic_request" time="0.052" /><testcase classname="backend.tests.test_iteration29_revenue_analytics.TestRevenueCalculatorEndpoint" name="test_calculator_default_platform_mix" time="0.052" /><testcase classname="backend.tests.test_iteration29_revenue_analytics.TestRevenueCalculatorEndpoint" name="test_calculator_custom_platform_mix" time="0.048" /><testcase classname="backend.tests.test_iteration29_revenue_analytics.TestRevenueCalculatorEndpoint" name="test_calculator_platform_breakdown_structure" time="0.046" /><testcase classname="backend.tests.test_iteration29_revenue_analytics.TestRevenueCalculatorEndpoint" name="test_calculator_revenue_math" time="0.044" /><testcase classname="backend.tests.test_iteration29_revenue_analytics.TestRegressionAnalytics" name="test_analytics_overview_still_works" time="0.060" /><testcase classname="backend.tests.test_iteration29_revenue_analytics.TestRegressionAnalytics" name="test_ai_release_strategy_still_works" time="8.862" /><testcase classname="backend.tests.test_iteration29_revenue_analytics.TestPlatformRates" name="test_platform_rates_in_revenue" time="0.062" /></testsuite></testsuites>