<?xml version="1.0" encoding="utf-8"?><testsuites name="pytest tests"><testsuite name="pytest" errors="0" failures="0" skipped="0" tests="20" time="9.439" timestamp="2026-04-04T15:14:06.693456+00:00" hostname="agent-env-699fcce3-40a5-4ad3-b6bd-33a98b70dbe2"><testcase classname="backend.tests.test_iteration53_collab_hub.TestCollabHubAuth" name="test_posts_requires_auth" time="0.217" /><testcase classname="backend.tests.test_iteration53_collab_hub.TestCollabHubAuth" name="test_my_posts_requires_auth" time="0.109" /><testcase classname="backend.tests.test_iteration53_collab_hub.TestCollabHubAuth" name="test_create_post_requires_auth" time="0.126" /><testcase classname="backend.tests.test_iteration53_collab_hub.TestCollabHubAuth" name="test_invites_requires_auth" time="0.141" /><testcase classname="backend.tests.test_iteration53_collab_hub.TestCollabHubPosts" name="test_create_post_success" time="0.573" /><testcase classname="backend.tests.test_iteration53_collab_hub.TestCollabHubPosts" name="test_create_post_minimal" time="0.589" /><testcase classname="backend.tests.test_iteration53_collab_hub.TestCollabHubPosts" name="test_list_posts" time="0.449" /><testcase classname="backend.tests.test_iteration53_collab_hub.TestCollabHubPosts" name="test_list_posts_filter_by_role" time="0.649" /><testcase classname="backend.tests.test_iteration53_collab_hub.TestCollabHubPosts" name="test_list_posts_filter_by_genre" time="0.723" /><testcase classname="backend.tests.test_iteration53_collab_hub.TestCollabHubPosts" name="test_my_posts" time="0.688" /><testcase classname="backend.tests.test_iteration53_collab_hub.TestCollabHubPosts" name="test_update_post_status" time="0.640" /><testcase classname="backend.tests.test_iteration53_collab_hub.TestCollabHubPosts" name="test_update_post_not_found" time="0.477" /><testcase classname="backend.tests.test_iteration53_collab_hub.TestCollabHubPosts" name="test_delete_post" time="0.639" /><testcase classname="backend.tests.test_iteration53_collab_hub.TestCollabHubPosts" name="test_delete_post_not_found" time="0.468" /><testcase classname="backend.tests.test_iteration53_collab_hub.TestCollabHubInvites" name="test_get_invites" time="0.420" /><testcase classname="backend.tests.test_iteration53_collab_hub.TestCollabHubInvites" name="test_send_invite_to_own_post_fails" time="0.675" /><testcase classname="backend.tests.test_iteration53_collab_hub.TestCollabHubInvites" name="test_send_invite_to_nonexistent_post" time="0.417" /><testcase classname="backend.tests.test_iteration53_collab_hub.TestCollabHubInvites" name="test_respond_to_invite_invalid_action" time="0.460" /><testcase classname="backend.tests.test_iteration53_collab_hub.TestCollabHubInvites" name="test_respond_to_nonexistent_invite" time="0.444" /><testcase classname="backend.tests.test_iteration53_collab_hub.TestExistingTestPost" name="test_existing_post_in_browse" time="0.434" /></testsuite></testsuites>