<?xml version="1.0" encoding="utf-8"?><testsuites name="pytest tests"><testsuite name="pytest" errors="0" failures="0" skipped="0" tests="13" time="6.278" timestamp="2026-04-04T17:35:13.208879+00:00" hostname="agent-env-699fcce3-40a5-4ad3-b6bd-33a98b70dbe2"><testcase classname="backend.tests.test_iteration59_royalty_splits.TestRoyaltySplitsAuth" name="test_login_admin" time="0.506" /><testcase classname="backend.tests.test_iteration59_royalty_splits.TestRoyaltySplitsAuth" name="test_royalty_splits_requires_auth" time="0.105" /><testcase classname="backend.tests.test_iteration59_royalty_splits.TestRoyaltySplitsAuth" name="test_royalty_splits_summary_requires_auth" time="0.116" /><testcase classname="backend.tests.test_iteration59_royalty_splits.TestRoyaltySplitsUser" name="test_get_royalty_splits" time="0.462" /><testcase classname="backend.tests.test_iteration59_royalty_splits.TestRoyaltySplitsUser" name="test_get_royalty_splits_summary" time="0.493" /><testcase classname="backend.tests.test_iteration59_royalty_splits.TestRoyaltySplitsAdmin" name="test_admin_get_all_splits" time="0.438" /><testcase classname="backend.tests.test_iteration59_royalty_splits.TestRoyaltySplitsAdmin" name="test_admin_update_split_percentages" time="0.671" /><testcase classname="backend.tests.test_iteration59_royalty_splits.TestRoyaltySplitsAdmin" name="test_admin_update_ensures_sum_100" time="1.153" /><testcase classname="backend.tests.test_iteration59_royalty_splits.TestRoyaltySplitsAdmin" name="test_calculate_distribute_admin_only" time="0.439" /><testcase classname="backend.tests.test_iteration59_royalty_splits.TestRoyaltySplitsNonAdmin" name="test_calculate_returns_403_for_non_admin" time="0.450" /><testcase classname="backend.tests.test_iteration59_royalty_splits.TestRoyaltySplitsNonAdmin" name="test_admin_splits_returns_403_for_non_admin" time="0.488" /><testcase classname="backend.tests.test_iteration59_royalty_splits.TestRoyaltySplitsNonAdmin" name="test_admin_update_split_returns_403_for_non_admin" time="0.427" /><testcase classname="backend.tests.test_iteration59_royalty_splits.TestDefaultSplits" name="test_default_splits_exist_in_db" time="0.429" /></testsuite></testsuites>