<?xml version="1.0" encoding="utf-8"?><testsuites name="pytest tests"><testsuite name="pytest" errors="0" failures="0" skipped="0" tests="22" time="8.985" timestamp="2026-04-03T23:28:53.593240+00:00" hostname="agent-env-699fcce3-40a5-4ad3-b6bd-33a98b70dbe2"><testcase classname="backend.tests.test_iteration44_schedules_bulk_recon.TestSchedulerAndBulkReconciliation" name="test_01_get_schedules_list" time="0.563" /><testcase classname="backend.tests.test_iteration44_schedules_bulk_recon.TestSchedulerAndBulkReconciliation" name="test_02_create_schedule_weekly" time="0.381" /><testcase classname="backend.tests.test_iteration44_schedules_bulk_recon.TestSchedulerAndBulkReconciliation" name="test_03_create_schedule_monthly" time="0.374" /><testcase classname="backend.tests.test_iteration44_schedules_bulk_recon.TestSchedulerAndBulkReconciliation" name="test_04_create_schedule_invalid_frequency" time="0.371" /><testcase classname="backend.tests.test_iteration44_schedules_bulk_recon.TestSchedulerAndBulkReconciliation" name="test_05_toggle_schedule_pause" time="0.392" /><testcase classname="backend.tests.test_iteration44_schedules_bulk_recon.TestSchedulerAndBulkReconciliation" name="test_06_toggle_schedule_resume" time="0.389" /><testcase classname="backend.tests.test_iteration44_schedules_bulk_recon.TestSchedulerAndBulkReconciliation" name="test_07_toggle_nonexistent_schedule" time="0.388" /><testcase classname="backend.tests.test_iteration44_schedules_bulk_recon.TestSchedulerAndBulkReconciliation" name="test_08_check_due_schedules" time="0.380" /><testcase classname="backend.tests.test_iteration44_schedules_bulk_recon.TestSchedulerAndBulkReconciliation" name="test_09_delete_schedule" time="0.386" /><testcase classname="backend.tests.test_iteration44_schedules_bulk_recon.TestSchedulerAndBulkReconciliation" name="test_10_delete_nonexistent_schedule" time="0.374" /><testcase classname="backend.tests.test_iteration44_schedules_bulk_recon.TestSchedulerAndBulkReconciliation" name="test_11_get_reconciliation_data" time="0.396" /><testcase classname="backend.tests.test_iteration44_schedules_bulk_recon.TestSchedulerAndBulkReconciliation" name="test_12_resolve_duplicates_validation_min_entries" time="0.375" /><testcase classname="backend.tests.test_iteration44_schedules_bulk_recon.TestSchedulerAndBulkReconciliation" name="test_13_resolve_duplicates_validation_empty_entries" time="0.372" /><testcase classname="backend.tests.test_iteration44_schedules_bulk_recon.TestSchedulerAndBulkReconciliation" name="test_14_resolve_duplicates_validation_invalid_strategy" time="0.482" /><testcase classname="backend.tests.test_iteration44_schedules_bulk_recon.TestSchedulerAndBulkReconciliation" name="test_15_resolve_duplicates_valid_strategies" time="0.506" /><testcase classname="backend.tests.test_iteration44_schedules_bulk_recon.TestSchedulerAndBulkReconciliation" name="test_16_bulk_assign_validation_empty_entries" time="0.433" /><testcase classname="backend.tests.test_iteration44_schedules_bulk_recon.TestSchedulerAndBulkReconciliation" name="test_17_bulk_assign_validation_invalid_artist" time="0.369" /><testcase classname="backend.tests.test_iteration44_schedules_bulk_recon.TestSchedulerAndBulkReconciliation" name="test_18_bulk_assign_with_valid_artist" time="0.392" /><testcase classname="backend.tests.test_iteration44_schedules_bulk_recon.TestSchedulerAndBulkReconciliation" name="test_19_revenue_analytics_still_works" time="0.403" /><testcase classname="backend.tests.test_iteration44_schedules_bulk_recon.TestSchedulerAndBulkReconciliation" name="test_20_distributor_templates_still_work" time="0.371" /><testcase classname="backend.tests.test_iteration44_schedules_bulk_recon.TestSchedulerAndBulkReconciliation" name="test_21_royalty_imports_still_work" time="0.409" /><testcase classname="backend.tests.test_iteration44_schedules_bulk_recon.TestSchedulerAndBulkReconciliation" name="test_99_cleanup_test_schedule" time="0.370" /></testsuite></testsuites>