<?xml version="1.0" encoding="utf-8"?><testsuites name="pytest tests"><testsuite name="pytest" errors="0" failures="0" skipped="0" tests="15" time="6.937" timestamp="2026-04-02T17:47:23.827629+00:00" hostname="agent-env-dbac93c7-8c61-4d68-9acc-9338b250dcc8"><testcase classname="backend.tests.test_iteration21_release_wizard.TestReleaseWizardAPIs" name="test_health_check" time="0.622" /><testcase classname="backend.tests.test_iteration21_release_wizard.TestReleaseWizardAPIs" name="test_get_distribution_stores" time="0.423" /><testcase classname="backend.tests.test_iteration21_release_wizard.TestReleaseWizardAPIs" name="test_create_release_with_full_metadata" time="0.416" /><testcase classname="backend.tests.test_iteration21_release_wizard.TestReleaseWizardAPIs" name="test_create_track_for_release" time="0.438" /><testcase classname="backend.tests.test_iteration21_release_wizard.TestReleaseWizardAPIs" name="test_get_release_with_tracks" time="0.478" /><testcase classname="backend.tests.test_iteration21_release_wizard.TestReleaseWizardAPIs" name="test_release_requires_auth" time="0.442" /><testcase classname="backend.tests.test_iteration21_release_wizard.TestReleaseWizardAPIs" name="test_track_requires_auth" time="0.464" /><testcase classname="backend.tests.test_iteration21_release_wizard.TestReleaseWizardAPIs" name="test_distribution_submit_requires_cover_and_tracks" time="0.426" /><testcase classname="backend.tests.test_iteration21_release_wizard.TestReleaseWizardAPIs" name="test_upc_generation_format" time="0.380" /><testcase classname="backend.tests.test_iteration21_release_wizard.TestReleaseWizardAPIs" name="test_delete_track" time="0.546" /><testcase classname="backend.tests.test_iteration21_release_wizard.TestReleaseWizardAPIs" name="test_update_release" time="0.491" /><testcase classname="backend.tests.test_iteration21_release_wizard.TestReleaseWizardAPIs" name="test_delete_draft_release" time="0.529" /><testcase classname="backend.tests.test_iteration21_release_wizard.TestReleaseWizardValidation" name="test_track_requires_valid_release" time="0.389" /><testcase classname="backend.tests.test_iteration21_release_wizard.TestReleaseWizardValidation" name="test_release_not_found" time="0.415" /><testcase classname="backend.tests.test_iteration21_release_wizard.TestReleaseWizardValidation" name="test_track_not_found" time="0.386" /></testsuite></testsuites>