<?xml version="1.0" encoding="utf-8"?><testsuites name="pytest tests"><testsuite name="pytest" errors="0" failures="0" skipped="0" tests="31" time="4.931" timestamp="2026-04-02T23:58:31.483819+00:00" hostname="agent-env-699fcce3-40a5-4ad3-b6bd-33a98b70dbe2"><testcase classname="backend.tests.test_iteration34_admin_dashboard.TestAdminAuthentication" name="test_admin_analytics_requires_auth" time="0.231" /><testcase classname="backend.tests.test_iteration34_admin_dashboard.TestAdminAuthentication" name="test_admin_user_detail_requires_auth" time="0.102" /><testcase classname="backend.tests.test_iteration34_admin_dashboard.TestAdminAuthentication" name="test_admin_update_profile_requires_auth" time="0.131" /><testcase classname="backend.tests.test_iteration34_admin_dashboard.TestAdminLogin" name="test_admin_login_success" time="0.368" /><testcase classname="backend.tests.test_iteration34_admin_dashboard.TestAdminAnalytics" name="test_admin_analytics_returns_total_streams" time="0.459" /><testcase classname="backend.tests.test_iteration34_admin_dashboard.TestAdminAnalytics" name="test_admin_analytics_returns_week_streams" time="0.098" /><testcase classname="backend.tests.test_iteration34_admin_dashboard.TestAdminAnalytics" name="test_admin_analytics_returns_total_stream_revenue" time="0.097" /><testcase classname="backend.tests.test_iteration34_admin_dashboard.TestAdminAnalytics" name="test_admin_analytics_returns_platform_breakdown" time="0.101" /><testcase classname="backend.tests.test_iteration34_admin_dashboard.TestAdminAnalytics" name="test_admin_analytics_returns_country_breakdown" time="0.099" /><testcase classname="backend.tests.test_iteration34_admin_dashboard.TestAdminAnalytics" name="test_admin_analytics_returns_top_artists" time="0.095" /><testcase classname="backend.tests.test_iteration34_admin_dashboard.TestAdminAnalytics" name="test_admin_analytics_returns_monthly_trend" time="0.097" /><testcase classname="backend.tests.test_iteration34_admin_dashboard.TestAdminAnalytics" name="test_admin_analytics_returns_active_artists" time="0.093" /><testcase classname="backend.tests.test_iteration34_admin_dashboard.TestAdminUserDetail" name="test_user_detail_returns_user_object" time="0.535" /><testcase classname="backend.tests.test_iteration34_admin_dashboard.TestAdminUserDetail" name="test_user_detail_returns_stats" time="0.069" /><testcase classname="backend.tests.test_iteration34_admin_dashboard.TestAdminUserDetail" name="test_user_detail_returns_releases" time="0.063" /><testcase classname="backend.tests.test_iteration34_admin_dashboard.TestAdminUserDetail" name="test_user_detail_returns_platform_breakdown" time="0.065" /><testcase classname="backend.tests.test_iteration34_admin_dashboard.TestAdminUserDetail" name="test_user_detail_returns_country_breakdown" time="0.072" /><testcase classname="backend.tests.test_iteration34_admin_dashboard.TestAdminUserDetail" name="test_user_detail_returns_weekly_trends" time="0.063" /><testcase classname="backend.tests.test_iteration34_admin_dashboard.TestAdminUserDetail" name="test_user_detail_returns_goals" time="0.066" /><testcase classname="backend.tests.test_iteration34_admin_dashboard.TestAdminUserDetail" name="test_user_detail_404_for_invalid_user" time="0.054" /><testcase classname="backend.tests.test_iteration34_admin_dashboard.TestAdminUpdateProfile" name="test_update_profile_name" time="0.790" /><testcase classname="backend.tests.test_iteration34_admin_dashboard.TestAdminUpdateProfile" name="test_update_profile_artist_name" time="0.120" /><testcase classname="backend.tests.test_iteration34_admin_dashboard.TestAdminUpdateProfile" name="test_update_profile_bio" time="0.054" /><testcase classname="backend.tests.test_iteration34_admin_dashboard.TestAdminUpdateProfile" name="test_update_profile_genre" time="0.054" /><testcase classname="backend.tests.test_iteration34_admin_dashboard.TestAdminUpdateProfile" name="test_update_profile_country" time="0.059" /><testcase classname="backend.tests.test_iteration34_admin_dashboard.TestAdminUpdateProfile" name="test_update_profile_social_links" time="0.049" /><testcase classname="backend.tests.test_iteration34_admin_dashboard.TestAdminUpdateProfile" name="test_update_profile_role" time="0.114" /><testcase classname="backend.tests.test_iteration34_admin_dashboard.TestAdminUpdateProfile" name="test_update_profile_plan" time="0.126" /><testcase classname="backend.tests.test_iteration34_admin_dashboard.TestAdminUpdateProfile" name="test_update_profile_status" time="0.050" /><testcase classname="backend.tests.test_iteration34_admin_dashboard.TestAdminUpdateProfile" name="test_update_profile_404_for_invalid_user" time="0.054" /><testcase classname="backend.tests.test_iteration34_admin_dashboard.TestAdminDashboardEndpoint" name="test_admin_dashboard_returns_stats" time="0.382" /></testsuite></testsuites>