<?xml version="1.0" encoding="utf-8"?><testsuites name="pytest tests"><testsuite name="pytest" errors="0" failures="0" skipped="0" tests="11" time="4.528" timestamp="2026-04-02T12:16:43.493279+00:00" hostname="agent-env-079514ea-0774-40b5-a9ef-d14177382677"><testcase classname="tests.test_iteration11.TestHealthAndAuth" name="test_health_endpoint" time="0.147" /><testcase classname="tests.test_iteration11.TestHealthAndAuth" name="test_login_success" time="0.325" /><testcase classname="tests.test_iteration11.TestReleasesCRUD" name="test_create_release" time="0.426" /><testcase classname="tests.test_iteration11.TestReleasesCRUD" name="test_list_releases" time="0.471" /><testcase classname="tests.test_iteration11.TestObjectStorage" name="test_upload_cover_art" time="0.724" /><testcase classname="tests.test_iteration11.TestObjectStorage" name="test_upload_audio_requires_track" time="0.429" /><testcase classname="tests.test_iteration11.TestStripePayments" name="test_create_checkout_session" time="1.051" /><testcase classname="tests.test_iteration11.TestStripePayments" name="test_check_payment_status_invalid_session" time="0.594" /><testcase classname="tests.test_iteration11.TestAuthenticationRequired" name="test_releases_requires_auth" time="0.096" /><testcase classname="tests.test_iteration11.TestAuthenticationRequired" name="test_checkout_requires_auth" time="0.094" /><testcase classname="tests.test_iteration11.TestAuthenticationRequired" name="test_cover_upload_requires_auth" time="0.106" /></testsuite></testsuites>