<?xml version="1.0" encoding="utf-8"?><testsuites name="pytest tests"><testsuite name="pytest" errors="0" failures="0" skipped="0" tests="19" time="5.717" timestamp="2026-04-02T16:49:48.662282+00:00" hostname="agent-env-dbac93c7-8c61-4d68-9acc-9338b250dcc8"><testcase classname="backend.tests.test_iteration19_analytics_notifications.TestHealthAndAuth" name="test_health_endpoint" time="0.209" /><testcase classname="backend.tests.test_iteration19_analytics_notifications.TestHealthAndAuth" name="test_admin_login" time="0.373" /><testcase classname="backend.tests.test_iteration19_analytics_notifications.TestAnalyticsOverview" name="test_analytics_overview_requires_auth" time="0.137" /><testcase classname="backend.tests.test_iteration19_analytics_notifications.TestAnalyticsOverview" name="test_analytics_overview_returns_stream_data" time="0.421" /><testcase classname="backend.tests.test_iteration19_analytics_notifications.TestAnalyticsChartData" name="test_chart_data_requires_auth" time="0.114" /><testcase classname="backend.tests.test_iteration19_analytics_notifications.TestAnalyticsChartData" name="test_chart_data_returns_daily_aggregates" time="0.465" /><testcase classname="backend.tests.test_iteration19_analytics_notifications.TestAnalyticsPlatformBreakdown" name="test_platform_breakdown_requires_auth" time="0.118" /><testcase classname="backend.tests.test_iteration19_analytics_notifications.TestAnalyticsPlatformBreakdown" name="test_platform_breakdown_returns_platform_data" time="0.402" /><testcase classname="backend.tests.test_iteration19_analytics_notifications.TestAnalyticsLiveFeed" name="test_live_feed_requires_auth" time="0.111" /><testcase classname="backend.tests.test_iteration19_analytics_notifications.TestAnalyticsLiveFeed" name="test_live_feed_returns_stream_events" time="0.395" /><testcase classname="backend.tests.test_iteration19_analytics_notifications.TestNotificationsUnreadCount" name="test_unread_count_requires_auth" time="0.220" /><testcase classname="backend.tests.test_iteration19_analytics_notifications.TestNotificationsUnreadCount" name="test_unread_count_returns_count" time="0.426" /><testcase classname="backend.tests.test_iteration19_analytics_notifications.TestNotificationsReadAll" name="test_read_all_requires_auth" time="0.107" /><testcase classname="backend.tests.test_iteration19_analytics_notifications.TestNotificationsReadAll" name="test_read_all_marks_notifications_read" time="0.549" /><testcase classname="backend.tests.test_iteration19_analytics_notifications.TestNotificationsMarkRead" name="test_mark_read_requires_auth" time="0.112" /><testcase classname="backend.tests.test_iteration19_analytics_notifications.TestNotificationsMarkRead" name="test_mark_read_endpoint_exists" time="0.382" /><testcase classname="backend.tests.test_iteration19_analytics_notifications.TestNotificationsList" name="test_notifications_list_requires_auth" time="0.132" /><testcase classname="backend.tests.test_iteration19_analytics_notifications.TestNotificationsList" name="test_notifications_list_returns_array" time="0.389" /><testcase classname="backend.tests.test_iteration19_analytics_notifications.TestStreamEventsSeeding" name="test_stream_events_seeded" time="0.545" /></testsuite></testsuites>