<?xml version="1.0" encoding="utf-8"?><testsuites name="pytest tests"><testsuite name="pytest" errors="0" failures="0" skipped="0" tests="25" time="6.402" timestamp="2026-04-04T00:10:09.226158+00:00" hostname="agent-env-699fcce3-40a5-4ad3-b6bd-33a98b70dbe2"><testcase classname="backend.tests.test_iteration46_subscriptions.TestSubscriptionPlans" name="test_get_plans_returns_all_three_plans" time="0.265" /><testcase classname="backend.tests.test_iteration46_subscriptions.TestSubscriptionPlans" name="test_free_plan_has_correct_revenue_share" time="0.109" /><testcase classname="backend.tests.test_iteration46_subscriptions.TestSubscriptionPlans" name="test_rise_plan_has_correct_revenue_share" time="0.166" /><testcase classname="backend.tests.test_iteration46_subscriptions.TestSubscriptionPlans" name="test_pro_plan_has_correct_revenue_share" time="0.138" /><testcase classname="backend.tests.test_iteration46_subscriptions.TestSubscriptionPlans" name="test_free_plan_has_correct_price" time="0.142" /><testcase classname="backend.tests.test_iteration46_subscriptions.TestSubscriptionPlans" name="test_rise_plan_has_correct_price" time="0.112" /><testcase classname="backend.tests.test_iteration46_subscriptions.TestSubscriptionPlans" name="test_pro_plan_has_correct_price" time="0.114" /><testcase classname="backend.tests.test_iteration46_subscriptions.TestSubscriptionPlans" name="test_free_plan_has_max_releases_1" time="0.176" /><testcase classname="backend.tests.test_iteration46_subscriptions.TestSubscriptionPlans" name="test_rise_plan_has_unlimited_releases" time="0.119" /><testcase classname="backend.tests.test_iteration46_subscriptions.TestSubscriptionPlans" name="test_pro_plan_has_unlimited_releases" time="0.163" /><testcase classname="backend.tests.test_iteration46_subscriptions.TestSubscriptionPlans" name="test_free_plan_has_locked_features" time="0.101" /><testcase classname="backend.tests.test_iteration46_subscriptions.TestSubscriptionPlans" name="test_pro_plan_has_no_locked_features" time="0.136" /><testcase classname="backend.tests.test_iteration46_subscriptions.TestMyPlan" name="test_my_plan_requires_auth" time="0.121" /><testcase classname="backend.tests.test_iteration46_subscriptions.TestMyPlan" name="test_my_plan_returns_current_plan" time="0.388" /><testcase classname="backend.tests.test_iteration46_subscriptions.TestMyPlan" name="test_my_plan_returns_max_releases" time="0.380" /><testcase classname="backend.tests.test_iteration46_subscriptions.TestMyPlan" name="test_admin_user_is_on_pro_plan" time="0.374" /><testcase classname="backend.tests.test_iteration46_subscriptions.TestFeatureAccess" name="test_pro_user_can_access_ai_strategy" time="0.388" /><testcase classname="backend.tests.test_iteration46_subscriptions.TestFeatureAccess" name="test_pro_user_can_access_leaderboard" time="0.667" /><testcase classname="backend.tests.test_iteration46_subscriptions.TestFeatureAccess" name="test_pro_user_can_access_goals" time="0.413" /><testcase classname="backend.tests.test_iteration46_subscriptions.TestSubscriptionUpgrade" name="test_upgrade_requires_auth" time="0.117" /><testcase classname="backend.tests.test_iteration46_subscriptions.TestSubscriptionUpgrade" name="test_upgrade_rejects_invalid_plan" time="0.376" /><testcase classname="backend.tests.test_iteration46_subscriptions.TestSubscriptionUpgrade" name="test_upgrade_accepts_valid_plan" time="0.383" /><testcase classname="backend.tests.test_iteration46_subscriptions.TestSubscriptionCheckout" name="test_checkout_requires_auth" time="0.158" /><testcase classname="backend.tests.test_iteration46_subscriptions.TestSubscriptionCheckout" name="test_checkout_rejects_invalid_plan" time="0.387" /><testcase classname="backend.tests.test_iteration46_subscriptions.TestSubscriptionCheckout" name="test_checkout_free_plan_returns_no_url" time="0.396" /></testsuite></testsuites>