<?xml version="1.0" encoding="utf-8"?><testsuites name="pytest tests"><testsuite name="pytest" errors="0" failures="0" skipped="0" tests="11" time="3.010" timestamp="2026-04-04T13:38:10.412699+00:00" hostname="agent-env-699fcce3-40a5-4ad3-b6bd-33a98b70dbe2"><testcase classname="backend.tests.test_iteration48_email_domain.TestHealthAndAuth" name="test_health_endpoint" time="0.145" /><testcase classname="backend.tests.test_iteration48_email_domain.TestHealthAndAuth" name="test_admin_login_success" time="0.360" /><testcase classname="backend.tests.test_iteration48_email_domain.TestHealthAndAuth" name="test_admin_login_invalid_credentials" time="0.098" /><testcase classname="backend.tests.test_iteration48_email_domain.TestEmailDomainEndpoints" name="test_get_email_domains_requires_auth" time="0.117" /><testcase classname="backend.tests.test_iteration48_email_domain.TestEmailDomainEndpoints" name="test_get_email_domains_as_admin" time="0.423" /><testcase classname="backend.tests.test_iteration48_email_domain.TestEmailDomainEndpoints" name="test_post_email_domain_requires_auth" time="0.112" /><testcase classname="backend.tests.test_iteration48_email_domain.TestEmailDomainEndpoints" name="test_post_email_domain_invalid_domain" time="0.455" /><testcase classname="backend.tests.test_iteration48_email_domain.TestEmailDomainEndpoints" name="test_post_email_domain_attempts_resend_api" time="0.581" /><testcase classname="backend.tests.test_iteration48_email_domain.TestNonAdminAccess" name="test_non_admin_cannot_access_email_domains" time="0.429" /><testcase classname="backend.tests.test_iteration48_email_domain.TestExistingEndpoints" name="test_beats_endpoint" time="0.105" /><testcase classname="backend.tests.test_iteration48_email_domain.TestExistingEndpoints" name="test_subscription_plans" time="0.113" /></testsuite></testsuites>