<?xml version="1.0" encoding="utf-8"?><testsuites name="pytest tests"><testsuite name="pytest" errors="0" failures="0" skipped="0" tests="18" time="6.727" timestamp="2026-04-02T19:39:46.887279+00:00" hostname="agent-env-dbac93c7-8c61-4d68-9acc-9338b250dcc8"><testcase classname="backend.tests.test_iteration23_fan_analytics.TestFanAnalyticsEndpoints" name="test_fan_analytics_overview_returns_200" time="0.550" /><testcase classname="backend.tests.test_iteration23_fan_analytics.TestFanAnalyticsEndpoints" name="test_fan_analytics_platform_engagement_structure" time="0.422" /><testcase classname="backend.tests.test_iteration23_fan_analytics.TestFanAnalyticsEndpoints" name="test_fan_analytics_top_countries_structure" time="0.460" /><testcase classname="backend.tests.test_iteration23_fan_analytics.TestFanAnalyticsEndpoints" name="test_fan_analytics_listener_growth_structure" time="0.440" /><testcase classname="backend.tests.test_iteration23_fan_analytics.TestFanAnalyticsEndpoints" name="test_fan_analytics_peak_hours_structure" time="0.403" /><testcase classname="backend.tests.test_iteration23_fan_analytics.TestFanAnalyticsEndpoints" name="test_fan_analytics_requires_auth" time="0.528" /><testcase classname="backend.tests.test_iteration23_fan_analytics.TestSpotifyIntegrationEndpoints" name="test_spotify_status_returns_connected_false" time="0.450" /><testcase classname="backend.tests.test_iteration23_fan_analytics.TestSpotifyIntegrationEndpoints" name="test_spotify_connect_saves_intent" time="0.485" /><testcase classname="backend.tests.test_iteration23_fan_analytics.TestSpotifyIntegrationEndpoints" name="test_spotify_disconnect_removes_connection" time="0.525" /><testcase classname="backend.tests.test_iteration23_fan_analytics.TestSpotifyIntegrationEndpoints" name="test_spotify_status_requires_auth" time="0.472" /><testcase classname="backend.tests.test_iteration23_fan_analytics.TestSpotifyIntegrationEndpoints" name="test_spotify_connect_requires_auth" time="0.502" /><testcase classname="backend.tests.test_iteration23_fan_analytics.TestSpotifyIntegrationEndpoints" name="test_spotify_disconnect_requires_auth" time="0.448" /><testcase classname="backend.tests.test_iteration23_fan_analytics.TestSocialShareEndpointsStillWorking" name="test_share_beat_endpoint_exists" time="0.110" /><testcase classname="backend.tests.test_iteration23_fan_analytics.TestSocialShareEndpointsStillWorking" name="test_share_release_endpoint_exists" time="0.117" /><testcase classname="backend.tests.test_iteration23_fan_analytics.TestSocialShareEndpointsStillWorking" name="test_share_artist_endpoint_exists" time="0.109" /><testcase classname="backend.tests.test_iteration23_fan_analytics.TestPreSaveCampaignsStillWorking" name="test_presave_campaigns_list" time="0.402" /><testcase classname="backend.tests.test_iteration23_fan_analytics.TestBeatsSearchFilterStillWorking" name="test_beats_list_endpoint" time="0.103" /><testcase classname="backend.tests.test_iteration23_fan_analytics.TestBeatsSearchFilterStillWorking" name="test_beats_search_filter" time="0.107" /></testsuite></testsuites>