<?xml version="1.0" encoding="utf-8"?><testsuites name="pytest tests"><testsuite name="pytest" errors="0" failures="0" skipped="0" tests="12" time="6.866" timestamp="2026-04-03T16:44:20.115523+00:00" hostname="agent-env-699fcce3-40a5-4ad3-b6bd-33a98b70dbe2"><testcase classname="backend.tests.test_iteration37_royalty_splits.TestRoyaltySplits" name="test_get_royalties_returns_200" time="0.691" /><testcase classname="backend.tests.test_iteration37_royalty_splits.TestRoyaltySplits" name="test_get_royalties_returns_summary" time="0.536" /><testcase classname="backend.tests.test_iteration37_royalty_splits.TestRoyaltySplits" name="test_get_royalties_returns_artists_array" time="0.515" /><testcase classname="backend.tests.test_iteration37_royalty_splits.TestRoyaltySplits" name="test_get_royalties_requires_auth" time="0.551" /><testcase classname="backend.tests.test_iteration37_royalty_splits.TestRoyaltySplits" name="test_default_split_is_70_30" time="0.620" /><testcase classname="backend.tests.test_iteration37_royalty_splits.TestRoyaltySplits" name="test_set_custom_split_success" time="0.583" /><testcase classname="backend.tests.test_iteration37_royalty_splits.TestRoyaltySplits" name="test_set_split_validates_sum_to_100" time="0.574" /><testcase classname="backend.tests.test_iteration37_royalty_splits.TestRoyaltySplits" name="test_set_split_validates_negative_values" time="0.544" /><testcase classname="backend.tests.test_iteration37_royalty_splits.TestRoyaltySplits" name="test_set_split_returns_404_for_non_roster_artist" time="0.492" /><testcase classname="backend.tests.test_iteration37_royalty_splits.TestRoyaltySplits" name="test_set_split_requires_auth" time="0.616" /><testcase classname="backend.tests.test_iteration37_royalty_splits.TestRoyaltySplits" name="test_earnings_calculated_correctly" time="0.570" /><testcase classname="backend.tests.test_iteration37_royalty_splits.TestRoyaltySplits" name="test_summary_totals_match_artist_sum" time="0.484" /></testsuite></testsuites>