<?xml version="1.0" encoding="utf-8"?><testsuites name="pytest tests"><testsuite name="pytest" errors="0" failures="0" skipped="0" tests="19" time="7.330" timestamp="2026-04-04T22:16:33.488366+00:00" hostname="agent-env-699fcce3-40a5-4ad3-b6bd-33a98b70dbe2"><testcase classname="backend.tests.test_iteration63_page_builder.TestPageBuilderAdmin" name="test_list_editable_pages" time="0.434" /><testcase classname="backend.tests.test_iteration63_page_builder.TestPageBuilderAdmin" name="test_get_page_layout_landing" time="0.390" /><testcase classname="backend.tests.test_iteration63_page_builder.TestPageBuilderAdmin" name="test_get_block_templates" time="0.370" /><testcase classname="backend.tests.test_iteration63_page_builder.TestPageBuilderAdmin" name="test_add_hero_block" time="0.397" /><testcase classname="backend.tests.test_iteration63_page_builder.TestPageBuilderAdmin" name="test_add_features_block" time="0.373" /><testcase classname="backend.tests.test_iteration63_page_builder.TestPageBuilderAdmin" name="test_add_stats_block" time="0.469" /><testcase classname="backend.tests.test_iteration63_page_builder.TestPageBuilderAdmin" name="test_save_page_layout" time="0.419" /><testcase classname="backend.tests.test_iteration63_page_builder.TestPageBuilderAdmin" name="test_publish_page" time="0.415" /><testcase classname="backend.tests.test_iteration63_page_builder.TestPageBuilderAdmin" name="test_public_page_endpoint" time="0.423" /><testcase classname="backend.tests.test_iteration63_page_builder.TestPageBuilderAdmin" name="test_unpublish_page" time="0.365" /><testcase classname="backend.tests.test_iteration63_page_builder.TestPageBuilderAdmin" name="test_delete_block" time="0.426" /><testcase classname="backend.tests.test_iteration63_page_builder.TestPageBuilderNonAdmin" name="test_non_admin_cannot_access_pages" time="0.099" /><testcase classname="backend.tests.test_iteration63_page_builder.TestRegressionMessagesAPI" name="test_messages_conversations" time="0.375" /><testcase classname="backend.tests.test_iteration63_page_builder.TestRegressionMessagesAPI" name="test_messages_unread_count" time="0.386" /><testcase classname="backend.tests.test_iteration63_page_builder.TestRegressionRoyaltySplitsAPI" name="test_royalty_splits_list" time="0.386" /><testcase classname="backend.tests.test_iteration63_page_builder.TestRegressionRoyaltySplitsAPI" name="test_royalty_splits_summary" time="0.366" /><testcase classname="backend.tests.test_iteration63_page_builder.TestRegressionAdminPayoutsAPI" name="test_admin_payouts_list" time="0.371" /><testcase classname="backend.tests.test_iteration63_page_builder.TestRegressionAdminPayoutsAPI" name="test_admin_payouts_summary" time="0.365" /><testcase classname="backend.tests.test_iteration63_page_builder.TestRegressionAdminPayoutsAPI" name="test_admin_payouts_schedule" time="0.409" /></testsuite></testsuites>